<?xml version="1.0" encoding="UTF-8"?>
<testng-results ignored="0" total="1" passed="1" failed="0" skipped="0">
  <reporter-output>
    <line>
      <![CDATA[********Login**********]]>
    </line>
  </reporter-output>
  <suite started-at="2024-04-20T12:55:15 IST" name="Surefire suite" finished-at="2024-04-20T12:55:15 IST" duration-ms="28">
    <groups>
    </groups>
    <test started-at="2024-04-20T12:55:15 IST" name="Surefire test" finished-at="2024-04-20T12:55:15 IST" duration-ms="28">
      <class name="JenkinsPractiseTest">
        <test-method signature="Test1()[pri:0, instance:JenkinsPractiseTest@7a52f2a2]" started-at="2024-04-20T12:55:15 IST" name="Test1" finished-at="2024-04-20T12:55:15 IST" duration-ms="4" status="PASS">
          <reporter-output>
            <line>
              <![CDATA[********Login**********]]>
            </line>
          </reporter-output>
        </test-method> <!-- Test1 -->
      </class> <!-- JenkinsPractiseTest -->
    </test> <!-- Surefire test -->
  </suite> <!-- Surefire suite -->
</testng-results>
